<?xml version="1.0" encoding="UTF-8"?>
<coverage generated="1476910410345" clover="3.2.0">
  <project timestamp="1476910410346" name="All files">
    <metrics statements="46" coveredstatements="39" conditionals="23" coveredconditionals="14" methods="10" coveredmethods="10" elements="79" coveredelements="63" complexity="0" loc="46" ncloc="46" packages="4" files="11" classes="11">
      <package name="shared">
        <metrics statements="9" coveredstatements="8" conditionals="6" coveredconditionals="5" methods="4" coveredmethods="4"/>
        <file name="reducer.js" path="/Users/alexcoady/Sites/today/shared/reducer.js">
          <metrics statements="0" coveredstatements="0" conditionals="0" coveredconditionals="0" methods="0" coveredmethods="0"/>
        </file>
        <file name="reducerFactory.js" path="/Users/alexcoady/Sites/today/shared/reducerFactory.js">
          <metrics statements="9" coveredstatements="8" conditionals="6" coveredconditionals="5" methods="4" coveredmethods="4"/>
          <line num="1" count="1" type="stmt"/>
          <line num="3" count="11" type="stmt"/>
          <line num="5" count="0" type="stmt"/>
          <line num="8" count="2" type="stmt"/>
          <line num="11" count="9" type="stmt"/>
          <line num="14" count="1" type="stmt"/>
          <line num="16" count="11" type="stmt"/>
          <line num="18" count="2" type="stmt"/>
          <line num="21" count="9" type="stmt"/>
        </file>
      </package>
      <package name="shared.days">
        <metrics statements="8" coveredstatements="6" conditionals="3" coveredconditionals="1" methods="1" coveredmethods="1"/>
        <file name="actionTypes.js" path="/Users/alexcoady/Sites/today/shared/days/actionTypes.js">
          <metrics statements="2" coveredstatements="2" conditionals="0" coveredconditionals="0" methods="0" coveredmethods="0"/>
          <line num="1" count="1" type="stmt"/>
          <line num="2" count="1" type="stmt"/>
        </file>
        <file name="constants.js" path="/Users/alexcoady/Sites/today/shared/days/constants.js">
          <metrics statements="1" coveredstatements="1" conditionals="0" coveredconditionals="0" methods="0" coveredmethods="0"/>
          <line num="1" count="1" type="stmt"/>
        </file>
        <file name="reducer.js" path="/Users/alexcoady/Sites/today/shared/days/reducer.js">
          <metrics statements="5" coveredstatements="3" conditionals="3" coveredconditionals="1" methods="1" coveredmethods="1"/>
          <line num="7" count="1" type="stmt"/>
          <line num="9" count="10" type="stmt"/>
          <line num="11" count="0" type="stmt"/>
          <line num="13" count="0" type="stmt"/>
          <line num="16" count="10" type="stmt"/>
        </file>
      </package>
      <package name="shared.things">
        <metrics statements="15" coveredstatements="15" conditionals="6" coveredconditionals="6" methods="3" coveredmethods="3"/>
        <file name="actionTypes.js" path="/Users/alexcoady/Sites/today/shared/things/actionTypes.js">
          <metrics statements="2" coveredstatements="2" conditionals="0" coveredconditionals="0" methods="0" coveredmethods="0"/>
          <line num="1" count="1" type="stmt"/>
          <line num="2" count="1" type="stmt"/>
        </file>
        <file name="constants.js" path="/Users/alexcoady/Sites/today/shared/things/constants.js">
          <metrics statements="1" coveredstatements="1" conditionals="0" coveredconditionals="0" methods="0" coveredmethods="0"/>
          <line num="1" count="1" type="stmt"/>
        </file>
        <file name="reducer.js" path="/Users/alexcoady/Sites/today/shared/things/reducer.js">
          <metrics statements="12" coveredstatements="12" conditionals="6" coveredconditionals="6" methods="3" coveredmethods="3"/>
          <line num="14" count="1" type="stmt"/>
          <line num="16" count="11" type="stmt"/>
          <line num="18" count="2" type="stmt"/>
          <line num="21" count="1" type="stmt"/>
          <line num="25" count="8" type="stmt"/>
          <line num="28" count="1" type="stmt"/>
          <line num="30" count="11" type="stmt"/>
          <line num="33" count="3" type="stmt"/>
          <line num="34" count="3" type="stmt"/>
          <line num="35" count="7" type="stmt"/>
          <line num="37" count="3" type="stmt"/>
          <line num="41" count="8" type="stmt"/>
        </file>
      </package>
      <package name="shared.user">
        <metrics statements="14" coveredstatements="10" conditionals="8" coveredconditionals="2" methods="2" coveredmethods="2"/>
        <file name="actionTypes.js" path="/Users/alexcoady/Sites/today/shared/user/actionTypes.js">
          <metrics statements="3" coveredstatements="3" conditionals="0" coveredconditionals="0" methods="0" coveredmethods="0"/>
          <line num="1" count="1" type="stmt"/>
          <line num="2" count="1" type="stmt"/>
          <line num="3" count="1" type="stmt"/>
        </file>
        <file name="constants.js" path="/Users/alexcoady/Sites/today/shared/user/constants.js">
          <metrics statements="1" coveredstatements="1" conditionals="0" coveredconditionals="0" methods="0" coveredmethods="0"/>
          <line num="1" count="1" type="stmt"/>
        </file>
        <file name="reducer.js" path="/Users/alexcoady/Sites/today/shared/user/reducer.js">
          <metrics statements="10" coveredstatements="6" conditionals="8" coveredconditionals="2" methods="2" coveredmethods="2"/>
          <line num="7" count="1" type="stmt"/>
          <line num="9" count="10" type="stmt"/>
          <line num="12" count="0" type="stmt"/>
          <line num="14" count="0" type="stmt"/>
          <line num="17" count="10" type="stmt"/>
          <line num="20" count="1" type="stmt"/>
          <line num="22" count="10" type="stmt"/>
          <line num="24" count="0" type="stmt"/>
          <line num="27" count="0" type="stmt"/>
          <line num="30" count="10" type="stmt"/>
        </file>
      </package>
    </metrics>
  </project>
</coverage>
