<?xml version="1.0" encoding="UTF-8"?>
<coverage generated="1476907272447" clover="3.2.0">
  <project timestamp="1476907272447" name="All files">
    <metrics statements="35" coveredstatements="29" conditionals="15" coveredconditionals="7" methods="6" coveredmethods="6" elements="56" coveredelements="42" complexity="0" loc="35" ncloc="35" packages="4" files="10" classes="10">
      <package name="shared">
        <metrics statements="0" coveredstatements="0" conditionals="0" coveredconditionals="0" methods="0" coveredmethods="0"/>
        <file name="reducer.js" path="/Users/alexcoady/Sites/today/shared/reducer.js">
          <metrics statements="0" coveredstatements="0" conditionals="0" coveredconditionals="0" methods="0" coveredmethods="0"/>
        </file>
      </package>
      <package name="shared.days">
        <metrics statements="8" coveredstatements="6" conditionals="3" coveredconditionals="1" methods="1" coveredmethods="1"/>
        <file name="actionTypes.js" path="/Users/alexcoady/Sites/today/shared/days/actionTypes.js">
          <metrics statements="2" coveredstatements="2" conditionals="0" coveredconditionals="0" methods="0" coveredmethods="0"/>
          <line num="1" count="1" type="stmt"/>
          <line num="2" count="1" type="stmt"/>
        </file>
        <file name="constants.js" path="/Users/alexcoady/Sites/today/shared/days/constants.js">
          <metrics statements="1" coveredstatements="1" conditionals="0" coveredconditionals="0" methods="0" coveredmethods="0"/>
          <line num="1" count="1" type="stmt"/>
        </file>
        <file name="reducer.js" path="/Users/alexcoady/Sites/today/shared/days/reducer.js">
          <metrics statements="5" coveredstatements="3" conditionals="3" coveredconditionals="1" methods="1" coveredmethods="1"/>
          <line num="7" count="1" type="stmt"/>
          <line num="9" count="8" type="stmt"/>
          <line num="11" count="0" type="stmt"/>
          <line num="13" count="0" type="stmt"/>
          <line num="16" count="8" type="stmt"/>
        </file>
      </package>
      <package name="shared.things">
        <metrics statements="13" coveredstatements="13" conditionals="4" coveredconditionals="4" methods="3" coveredmethods="3"/>
        <file name="actionTypes.js" path="/Users/alexcoady/Sites/today/shared/things/actionTypes.js">
          <metrics statements="1" coveredstatements="1" conditionals="0" coveredconditionals="0" methods="0" coveredmethods="0"/>
          <line num="1" count="1" type="stmt"/>
        </file>
        <file name="constants.js" path="/Users/alexcoady/Sites/today/shared/things/constants.js">
          <metrics statements="1" coveredstatements="1" conditionals="0" coveredconditionals="0" methods="0" coveredmethods="0"/>
          <line num="1" count="1" type="stmt"/>
        </file>
        <file name="reducer.js" path="/Users/alexcoady/Sites/today/shared/things/reducer.js">
          <metrics statements="11" coveredstatements="11" conditionals="4" coveredconditionals="4" methods="3" coveredmethods="3"/>
          <line num="10" count="1" type="stmt"/>
          <line num="12" count="9" type="stmt"/>
          <line num="14" count="2" type="stmt"/>
          <line num="18" count="7" type="stmt"/>
          <line num="21" count="1" type="stmt"/>
          <line num="23" count="9" type="stmt"/>
          <line num="25" count="2" type="stmt"/>
          <line num="26" count="2" type="stmt"/>
          <line num="27" count="4" type="stmt"/>
          <line num="29" count="2" type="stmt"/>
          <line num="33" count="7" type="stmt"/>
        </file>
      </package>
      <package name="shared.user">
        <metrics statements="14" coveredstatements="10" conditionals="8" coveredconditionals="2" methods="2" coveredmethods="2"/>
        <file name="actionTypes.js" path="/Users/alexcoady/Sites/today/shared/user/actionTypes.js">
          <metrics statements="3" coveredstatements="3" conditionals="0" coveredconditionals="0" methods="0" coveredmethods="0"/>
          <line num="1" count="1" type="stmt"/>
          <line num="2" count="1" type="stmt"/>
          <line num="3" count="1" type="stmt"/>
        </file>
        <file name="constants.js" path="/Users/alexcoady/Sites/today/shared/user/constants.js">
          <metrics statements="1" coveredstatements="1" conditionals="0" coveredconditionals="0" methods="0" coveredmethods="0"/>
          <line num="1" count="1" type="stmt"/>
        </file>
        <file name="reducer.js" path="/Users/alexcoady/Sites/today/shared/user/reducer.js">
          <metrics statements="10" coveredstatements="6" conditionals="8" coveredconditionals="2" methods="2" coveredmethods="2"/>
          <line num="7" count="1" type="stmt"/>
          <line num="9" count="8" type="stmt"/>
          <line num="12" count="0" type="stmt"/>
          <line num="14" count="0" type="stmt"/>
          <line num="17" count="8" type="stmt"/>
          <line num="20" count="1" type="stmt"/>
          <line num="22" count="8" type="stmt"/>
          <line num="24" count="0" type="stmt"/>
          <line num="27" count="0" type="stmt"/>
          <line num="30" count="8" type="stmt"/>
        </file>
      </package>
    </metrics>
  </project>
</coverage>
