{"/Users/alexcoady/Sites/today/shared/reducer.js": {"path":"/Users/alexcoady/Sites/today/shared/reducer.js","statementMap":{},"fnMap":{},"branchMap":{},"s":{},"f":{},"b":{},"hash":"37ebc6da97608e8983c5c86095de5eff19e31e57"}
,"/Users/alexcoady/Sites/today/shared/reducerFactory.js": {"path":"/Users/alexcoady/Sites/today/shared/reducerFactory.js","statementMap":{"0":{"start":{"line":1,"column":26},"end":{"line":12,"column":1}},"1":{"start":{"line":1,"column":36},"end":{"line":12,"column":1}},"2":{"start":{"line":3,"column":2},"end":{"line":9,"column":3}},"3":{"start":{"line":5,"column":6},"end":{"line":5,"column":18}},"4":{"start":{"line":8,"column":6},"end":{"line":8,"column":19}},"5":{"start":{"line":11,"column":2},"end":{"line":11,"column":15}},"6":{"start":{"line":14,"column":26},"end":{"line":22,"column":1}},"7":{"start":{"line":14,"column":36},"end":{"line":22,"column":1}},"8":{"start":{"line":16,"column":2},"end":{"line":19,"column":3}},"9":{"start":{"line":18,"column":6},"end":{"line":18,"column":18}},"10":{"start":{"line":21,"column":2},"end":{"line":21,"column":15}}},"fnMap":{"0":{"name":"(anonymous_0)","decl":{"start":{"line":1,"column":26},"end":{"line":1,"column":27}},"loc":{"start":{"line":1,"column":36},"end":{"line":12,"column":1}}},"1":{"name":"(anonymous_1)","decl":{"start":{"line":1,"column":36},"end":{"line":1,"column":37}},"loc":{"start":{"line":1,"column":63},"end":{"line":12,"column":1}}},"2":{"name":"(anonymous_2)","decl":{"start":{"line":14,"column":26},"end":{"line":14,"column":27}},"loc":{"start":{"line":14,"column":36},"end":{"line":22,"column":1}}},"3":{"name":"(anonymous_3)","decl":{"start":{"line":14,"column":36},"end":{"line":14,"column":37}},"loc":{"start":{"line":14,"column":63},"end":{"line":22,"column":1}}}},"branchMap":{"0":{"loc":{"start":{"line":1,"column":37},"end":{"line":1,"column":50}},"type":"default-arg","locations":[{"start":{"line":1,"column":45},"end":{"line":1,"column":50}}]},"1":{"loc":{"start":{"line":3,"column":2},"end":{"line":9,"column":3}},"type":"switch","locations":[{"start":{"line":4,"column":4},"end":{"line":5,"column":18}},{"start":{"line":6,"column":4},"end":{"line":6,"column":31}},{"start":{"line":7,"column":4},"end":{"line":8,"column":19}}]},"2":{"loc":{"start":{"line":14,"column":37},"end":{"line":14,"column":50}},"type":"default-arg","locations":[{"start":{"line":14,"column":45},"end":{"line":14,"column":50}}]},"3":{"loc":{"start":{"line":16,"column":2},"end":{"line":19,"column":3}},"type":"switch","locations":[{"start":{"line":17,"column":4},"end":{"line":18,"column":18}}]}},"s":{"0":1,"1":1,"2":11,"3":0,"4":2,"5":9,"6":1,"7":1,"8":11,"9":2,"10":9},"f":{"0":1,"1":11,"2":1,"3":11},"b":{"0":[8],"1":[0,2,2],"2":[8],"3":[2]},"hash":"d73b8f18365d19eb08084baed625796171bbd3a9"}
,"/Users/alexcoady/Sites/today/shared/days/actionTypes.js": {"path":"/Users/alexcoady/Sites/today/shared/days/actionTypes.js","statementMap":{"0":{"start":{"line":1,"column":24},"end":{"line":1,"column":39}},"1":{"start":{"line":2,"column":25},"end":{"line":2,"column":41}}},"fnMap":{},"branchMap":{},"s":{"0":1,"1":1},"f":{},"b":{},"hash":"4acad34bb7be7ece891af66f80563f22f8b424d5"}
,"/Users/alexcoady/Sites/today/shared/days/constants.js": {"path":"/Users/alexcoady/Sites/today/shared/days/constants.js","statementMap":{"0":{"start":{"line":1,"column":20},"end":{"line":1,"column":26}}},"fnMap":{},"branchMap":{},"s":{"0":1},"f":{},"b":{},"hash":"3035f446b4d4ea774945b3cc5847ff3507558f27"}
,"/Users/alexcoady/Sites/today/shared/days/reducer.js": {"path":"/Users/alexcoady/Sites/today/shared/days/reducer.js","statementMap":{"0":{"start":{"line":7,"column":12},"end":{"line":17,"column":1}},"1":{"start":{"line":9,"column":2},"end":{"line":14,"column":3}},"2":{"start":{"line":11,"column":6},"end":{"line":11,"column":38}},"3":{"start":{"line":13,"column":6},"end":{"line":13,"column":50}},"4":{"start":{"line":16,"column":2},"end":{"line":16,"column":15}}},"fnMap":{"0":{"name":"(anonymous_0)","decl":{"start":{"line":7,"column":12},"end":{"line":7,"column":13}},"loc":{"start":{"line":7,"column":36},"end":{"line":17,"column":1}}}},"branchMap":{"0":{"loc":{"start":{"line":7,"column":13},"end":{"line":7,"column":23}},"type":"default-arg","locations":[{"start":{"line":7,"column":21},"end":{"line":7,"column":23}}]},"1":{"loc":{"start":{"line":9,"column":2},"end":{"line":14,"column":3}},"type":"switch","locations":[{"start":{"line":10,"column":4},"end":{"line":11,"column":38}},{"start":{"line":12,"column":4},"end":{"line":13,"column":50}}]}},"s":{"0":1,"1":10,"2":0,"3":0,"4":10},"f":{"0":10},"b":{"0":[7],"1":[0,0]},"hash":"23f013aa421849c058f1a4e8c00db5f79c3ddafd"}
,"/Users/alexcoady/Sites/today/shared/things/actionTypes.js": {"path":"/Users/alexcoady/Sites/today/shared/things/actionTypes.js","statementMap":{"0":{"start":{"line":1,"column":25},"end":{"line":1,"column":43}},"1":{"start":{"line":2,"column":26},"end":{"line":2,"column":45}}},"fnMap":{},"branchMap":{},"s":{"0":1,"1":1},"f":{},"b":{},"hash":"2c5af4622a0e74c85087dac882ec9e545f4d23f9"}
,"/Users/alexcoady/Sites/today/shared/things/constants.js": {"path":"/Users/alexcoady/Sites/today/shared/things/constants.js","statementMap":{"0":{"start":{"line":1,"column":20},"end":{"line":1,"column":28}}},"fnMap":{},"branchMap":{},"s":{"0":1},"f":{},"b":{},"hash":"1c18960a145ecec46fd4483d22307af303d896c7"}
,"/Users/alexcoady/Sites/today/shared/things/reducer.js": {"path":"/Users/alexcoady/Sites/today/shared/things/reducer.js","statementMap":{"0":{"start":{"line":14,"column":12},"end":{"line":26,"column":1}},"1":{"start":{"line":16,"column":2},"end":{"line":23,"column":3}},"2":{"start":{"line":18,"column":6},"end":{"line":18,"column":51}},"3":{"start":{"line":21,"column":6},"end":{"line":21,"column":76}},"4":{"start":{"line":25,"column":2},"end":{"line":25,"column":15}},"5":{"start":{"line":28,"column":13},"end":{"line":42,"column":1}},"6":{"start":{"line":30,"column":2},"end":{"line":39,"column":3}},"7":{"start":{"line":33,"column":23},"end":{"line":33,"column":36}},"8":{"start":{"line":34,"column":6},"end":{"line":36,"column":9}},"9":{"start":{"line":35,"column":8},"end":{"line":35,"column":36}},"10":{"start":{"line":37,"column":6},"end":{"line":37,"column":22}},"11":{"start":{"line":41,"column":2},"end":{"line":41,"column":15}}},"fnMap":{"0":{"name":"(anonymous_0)","decl":{"start":{"line":14,"column":12},"end":{"line":14,"column":13}},"loc":{"start":{"line":14,"column":36},"end":{"line":26,"column":1}}},"1":{"name":"(anonymous_1)","decl":{"start":{"line":28,"column":13},"end":{"line":28,"column":14}},"loc":{"start":{"line":28,"column":37},"end":{"line":42,"column":1}}},"2":{"name":"(anonymous_2)","decl":{"start":{"line":34,"column":38},"end":{"line":34,"column":39}},"loc":{"start":{"line":34,"column":47},"end":{"line":36,"column":7}}}},"branchMap":{"0":{"loc":{"start":{"line":14,"column":13},"end":{"line":14,"column":23}},"type":"default-arg","locations":[{"start":{"line":14,"column":21},"end":{"line":14,"column":23}}]},"1":{"loc":{"start":{"line":16,"column":2},"end":{"line":23,"column":3}},"type":"switch","locations":[{"start":{"line":17,"column":4},"end":{"line":19,"column":5}},{"start":{"line":20,"column":4},"end":{"line":22,"column":5}}]},"2":{"loc":{"start":{"line":28,"column":14},"end":{"line":28,"column":24}},"type":"default-arg","locations":[{"start":{"line":28,"column":22},"end":{"line":28,"column":24}}]},"3":{"loc":{"start":{"line":30,"column":2},"end":{"line":39,"column":3}},"type":"switch","locations":[{"start":{"line":31,"column":4},"end":{"line":31,"column":37}},{"start":{"line":32,"column":4},"end":{"line":38,"column":5}}]}},"s":{"0":1,"1":11,"2":2,"3":1,"4":8,"5":1,"6":11,"7":3,"8":3,"9":7,"10":3,"11":8},"f":{"0":11,"1":11,"2":7},"b":{"0":[8],"1":[2,1],"2":[8],"3":[1,3]},"hash":"b852dc287ddee768ea2afb1089c450faef6194bd"}
,"/Users/alexcoady/Sites/today/shared/user/actionTypes.js": {"path":"/Users/alexcoady/Sites/today/shared/user/actionTypes.js","statementMap":{"0":{"start":{"line":1,"column":29},"end":{"line":1,"column":49}},"1":{"start":{"line":2,"column":27},"end":{"line":2,"column":45}},"2":{"start":{"line":3,"column":23},"end":{"line":3,"column":37}}},"fnMap":{},"branchMap":{},"s":{"0":1,"1":1,"2":1},"f":{},"b":{},"hash":"30d54e83b308dd2077e106e7fb400f6b836f3597"}
,"/Users/alexcoady/Sites/today/shared/user/constants.js": {"path":"/Users/alexcoady/Sites/today/shared/user/constants.js","statementMap":{"0":{"start":{"line":1,"column":20},"end":{"line":1,"column":26}}},"fnMap":{},"branchMap":{},"s":{"0":1},"f":{},"b":{},"hash":"03af47f96030bfdaa67307127ca8d4f408012b91"}
,"/Users/alexcoady/Sites/today/shared/user/reducer.js": {"path":"/Users/alexcoady/Sites/today/shared/user/reducer.js","statementMap":{"0":{"start":{"line":7,"column":16},"end":{"line":18,"column":1}},"1":{"start":{"line":9,"column":2},"end":{"line":15,"column":3}},"2":{"start":{"line":12,"column":6},"end":{"line":12,"column":38}},"3":{"start":{"line":14,"column":6},"end":{"line":14,"column":16}},"4":{"start":{"line":17,"column":2},"end":{"line":17,"column":15}},"5":{"start":{"line":20,"column":25},"end":{"line":31,"column":1}},"6":{"start":{"line":22,"column":2},"end":{"line":28,"column":3}},"7":{"start":{"line":24,"column":6},"end":{"line":24,"column":18}},"8":{"start":{"line":27,"column":6},"end":{"line":27,"column":19}},"9":{"start":{"line":30,"column":2},"end":{"line":30,"column":15}}},"fnMap":{"0":{"name":"(anonymous_0)","decl":{"start":{"line":7,"column":16},"end":{"line":7,"column":17}},"loc":{"start":{"line":7,"column":40},"end":{"line":18,"column":1}}},"1":{"name":"(anonymous_1)","decl":{"start":{"line":20,"column":25},"end":{"line":20,"column":26}},"loc":{"start":{"line":20,"column":52},"end":{"line":31,"column":1}}}},"branchMap":{"0":{"loc":{"start":{"line":7,"column":17},"end":{"line":7,"column":27}},"type":"default-arg","locations":[{"start":{"line":7,"column":25},"end":{"line":7,"column":27}}]},"1":{"loc":{"start":{"line":9,"column":2},"end":{"line":15,"column":3}},"type":"switch","locations":[{"start":{"line":10,"column":4},"end":{"line":10,"column":40}},{"start":{"line":11,"column":4},"end":{"line":12,"column":38}},{"start":{"line":13,"column":4},"end":{"line":14,"column":16}}]},"2":{"loc":{"start":{"line":20,"column":26},"end":{"line":20,"column":39}},"type":"default-arg","locations":[{"start":{"line":20,"column":34},"end":{"line":20,"column":39}}]},"3":{"loc":{"start":{"line":22,"column":2},"end":{"line":28,"column":3}},"type":"switch","locations":[{"start":{"line":23,"column":4},"end":{"line":24,"column":18}},{"start":{"line":25,"column":4},"end":{"line":25,"column":40}},{"start":{"line":26,"column":4},"end":{"line":27,"column":19}}]}},"s":{"0":1,"1":10,"2":0,"3":0,"4":10,"5":1,"6":10,"7":0,"8":0,"9":10},"f":{"0":10,"1":10},"b":{"0":[7],"1":[0,0,0],"2":[7],"3":[0,0,0]},"hash":"79a301dfcff33dc96f80bf15a77e91aaaac4dbee"}
}
