TN:
SF:/Users/alexcoady/Sites/today/shared/reducer.js
FNF:0
FNH:0
LF:0
LH:0
BRF:0
BRH:0
end_of_record
TN:
SF:/Users/alexcoady/Sites/today/shared/reducerFactory.js
FN:1,(anonymous_0)
FN:1,(anonymous_1)
FN:14,(anonymous_2)
FN:14,(anonymous_3)
FNF:4
FNH:4
FNDA:1,(anonymous_0)
FNDA:11,(anonymous_1)
FNDA:1,(anonymous_2)
FNDA:11,(anonymous_3)
DA:1,1
DA:3,11
DA:5,0
DA:8,2
DA:11,9
DA:14,1
DA:16,11
DA:18,2
DA:21,9
LF:9
LH:8
BRDA:1,0,0,8
BRDA:3,1,0,0
BRDA:3,1,1,2
BRDA:3,1,2,2
BRDA:14,2,0,8
BRDA:16,3,0,2
BRF:6
BRH:5
end_of_record
TN:
SF:/Users/alexcoady/Sites/today/shared/days/actionTypes.js
FNF:0
FNH:0
DA:1,1
DA:2,1
LF:2
LH:2
BRF:0
BRH:0
end_of_record
TN:
SF:/Users/alexcoady/Sites/today/shared/days/constants.js
FNF:0
FNH:0
DA:1,1
LF:1
LH:1
BRF:0
BRH:0
end_of_record
TN:
SF:/Users/alexcoady/Sites/today/shared/days/reducer.js
FN:7,(anonymous_0)
FNF:1
FNH:1
FNDA:10,(anonymous_0)
DA:7,1
DA:9,10
DA:11,0
DA:13,0
DA:16,10
LF:5
LH:3
BRDA:7,0,0,7
BRDA:9,1,0,0
BRDA:9,1,1,0
BRF:3
BRH:1
end_of_record
TN:
SF:/Users/alexcoady/Sites/today/shared/things/actionTypes.js
FNF:0
FNH:0
DA:1,1
DA:2,1
LF:2
LH:2
BRF:0
BRH:0
end_of_record
TN:
SF:/Users/alexcoady/Sites/today/shared/things/constants.js
FNF:0
FNH:0
DA:1,1
LF:1
LH:1
BRF:0
BRH:0
end_of_record
TN:
SF:/Users/alexcoady/Sites/today/shared/things/reducer.js
FN:14,(anonymous_0)
FN:28,(anonymous_1)
FN:34,(anonymous_2)
FNF:3
FNH:3
FNDA:11,(anonymous_0)
FNDA:11,(anonymous_1)
FNDA:7,(anonymous_2)
DA:14,1
DA:16,11
DA:18,2
DA:21,1
DA:25,8
DA:28,1
DA:30,11
DA:33,3
DA:34,3
DA:35,7
DA:37,3
DA:41,8
LF:12
LH:12
BRDA:14,0,0,8
BRDA:16,1,0,2
BRDA:16,1,1,1
BRDA:28,2,0,8
BRDA:30,3,0,1
BRDA:30,3,1,3
BRF:6
BRH:6
end_of_record
TN:
SF:/Users/alexcoady/Sites/today/shared/user/actionTypes.js
FNF:0
FNH:0
DA:1,1
DA:2,1
DA:3,1
LF:3
LH:3
BRF:0
BRH:0
end_of_record
TN:
SF:/Users/alexcoady/Sites/today/shared/user/constants.js
FNF:0
FNH:0
DA:1,1
LF:1
LH:1
BRF:0
BRH:0
end_of_record
TN:
SF:/Users/alexcoady/Sites/today/shared/user/reducer.js
FN:7,(anonymous_0)
FN:20,(anonymous_1)
FNF:2
FNH:2
FNDA:10,(anonymous_0)
FNDA:10,(anonymous_1)
DA:7,1
DA:9,10
DA:12,0
DA:14,0
DA:17,10
DA:20,1
DA:22,10
DA:24,0
DA:27,0
DA:30,10
LF:10
LH:6
BRDA:7,0,0,7
BRDA:9,1,0,0
BRDA:9,1,1,0
BRDA:9,1,2,0
BRDA:20,2,0,7
BRDA:22,3,0,0
BRDA:22,3,1,0
BRDA:22,3,2,0
BRF:8
BRH:2
end_of_record
