TN:
SF:/Users/alexcoady/Sites/today/shared/reducer.js
FNF:0
FNH:0
LF:0
LH:0
BRF:0
BRH:0
end_of_record
TN:
SF:/Users/alexcoady/Sites/today/shared/days/actionTypes.js
FNF:0
FNH:0
DA:1,1
DA:2,1
LF:2
LH:2
BRF:0
BRH:0
end_of_record
TN:
SF:/Users/alexcoady/Sites/today/shared/days/constants.js
FNF:0
FNH:0
DA:1,1
LF:1
LH:1
BRF:0
BRH:0
end_of_record
TN:
SF:/Users/alexcoady/Sites/today/shared/days/reducer.js
FN:7,(anonymous_0)
FNF:1
FNH:1
FNDA:8,(anonymous_0)
DA:7,1
DA:9,8
DA:11,0
DA:13,0
DA:16,8
LF:5
LH:3
BRDA:7,0,0,6
BRDA:9,1,0,0
BRDA:9,1,1,0
BRF:3
BRH:1
end_of_record
TN:
SF:/Users/alexcoady/Sites/today/shared/things/actionTypes.js
FNF:0
FNH:0
DA:1,1
LF:1
LH:1
BRF:0
BRH:0
end_of_record
TN:
SF:/Users/alexcoady/Sites/today/shared/things/constants.js
FNF:0
FNH:0
DA:1,1
LF:1
LH:1
BRF:0
BRH:0
end_of_record
TN:
SF:/Users/alexcoady/Sites/today/shared/things/reducer.js
FN:10,(anonymous_0)
FN:21,(anonymous_1)
FN:26,(anonymous_2)
FNF:3
FNH:3
FNDA:9,(anonymous_0)
FNDA:9,(anonymous_1)
FNDA:4,(anonymous_2)
DA:10,1
DA:12,9
DA:14,2
DA:18,7
DA:21,1
DA:23,9
DA:25,2
DA:26,2
DA:27,4
DA:29,2
DA:33,7
LF:11
LH:11
BRDA:10,0,0,7
BRDA:12,1,0,2
BRDA:21,2,0,7
BRDA:23,3,0,2
BRF:4
BRH:4
end_of_record
TN:
SF:/Users/alexcoady/Sites/today/shared/user/actionTypes.js
FNF:0
FNH:0
DA:1,1
DA:2,1
DA:3,1
LF:3
LH:3
BRF:0
BRH:0
end_of_record
TN:
SF:/Users/alexcoady/Sites/today/shared/user/constants.js
FNF:0
FNH:0
DA:1,1
LF:1
LH:1
BRF:0
BRH:0
end_of_record
TN:
SF:/Users/alexcoady/Sites/today/shared/user/reducer.js
FN:7,(anonymous_0)
FN:20,(anonymous_1)
FNF:2
FNH:2
FNDA:8,(anonymous_0)
FNDA:8,(anonymous_1)
DA:7,1
DA:9,8
DA:12,0
DA:14,0
DA:17,8
DA:20,1
DA:22,8
DA:24,0
DA:27,0
DA:30,8
LF:10
LH:6
BRDA:7,0,0,6
BRDA:9,1,0,0
BRDA:9,1,1,0
BRDA:9,1,2,0
BRDA:20,2,0,6
BRDA:22,3,0,0
BRDA:22,3,1,0
BRDA:22,3,2,0
BRF:8
BRH:2
end_of_record
